0 info it worked if it ends with ok
1 verbose cli [ 'C:\\Program Files\\nodejs\\node.exe',
1 verbose cli   'C:\\Program Files\\nodejs\\node_modules\\npm\\bin\\npm-cli.js',
1 verbose cli   'start' ]
2 info using npm@3.10.10
3 info using node@v6.10.2
4 verbose run-script [ 'prestart', 'start', 'poststart' ]
5 info lifecycle saveuquate@1.0.0~prestart: saveuquate@1.0.0
6 silly lifecycle saveuquate@1.0.0~prestart: no script for prestart, continuing
7 info lifecycle saveuquate@1.0.0~start: saveuquate@1.0.0
8 verbose lifecycle saveuquate@1.0.0~start: unsafe-perm in lifecycle true
9 verbose lifecycle saveuquate@1.0.0~start: PATH: C:\Program Files\nodejs\node_modules\npm\bin\node-gyp-bin;C:\wamp64\www\API\node_modules\.bin;C:\Users\mendy\Desktop\Logiciels\CMDER\bin;C:\Users\mendy\Desktop\Logiciels\CMDER\vendor\git-for-windows\cmd;C:\Users\mendy\Desktop\Logiciels\CMDER\vendor\conemu-maximus5\ConEmu\Scripts;C:\Users\mendy\Desktop\Logiciels\CMDER\vendor\conemu-maximus5;C:\Users\mendy\Desktop\Logiciels\CMDER\vendor\conemu-maximus5\ConEmu;C:\Users\mendy\Desktop\Logiciels\EasyPHP-DevServer-14.1VC9\binaries\php\php_runningversion;C:\Program Files (x86)\EasyPHP-DevServer-14.1VC9\binaries\php\php_runningversion;C:\ProgramData\Oracle\Java\javapath;C:\Program Files (x86)\Intel\iCLS Client\;C:\Program Files\Intel\iCLS Client\;C:\Windows\system32;C:\Windows;C:\Windows\System32\Wbem;C:\Windows\System32\WindowsPowerShell\v1.0\;C:\Program Files (x86)\NVIDIA Corporation\PhysX\Common;C:\Program Files (x86)\Intel\Intel(R) Management Engine Components\DAL;C:\Program Files\Intel\Intel(R) Management Engine Components\DAL;C:\Program Files (x86)\Intel\Intel(R) Management Engine Components\IPT;C:\Program Files\Intel\Intel(R) Management Engine Components\IPT;C:\WINDOWS\system32;C:\WINDOWS;C:\WINDOWS\System32\Wbem;C:\WINDOWS\System32\WindowsPowerShell\v1.0\;C:\ProgramData\ComposerSetup\bin;C:\Program Files\nodejs\;C:\Program Files\MySQL\MySQL Utilities 1.6\;C:\Program Files\MongoDB\Server\3.4\bin;C:\Users\mendy\AppData\Local\Microsoft\WindowsApps;C:\Users\mendy\AppData\Roaming\Dashlane\4.6.6.23032\bin\Firefox_Extension\{442718d9-475e-452a-b3e1-fb1ee16b8e9f}\components;C:\Users\mendy\AppData\Roaming\Dashlane\4.6.8.26847\bin\Firefox_Extension\{442718d9-475e-452a-b3e1-fb1ee16b8e9f}\components;C:\wamp64\bin\php\php7.0.10;C:\Users\mendy\AppData\Roaming\Composer\vendor\bin;C:\Users\mendy\AppData\Roaming\npm;C:\Users\mendy\Desktop\Logiciels\CMDER\vendor\git-for-windows\usr\bin;C:\Users\mendy\Desktop\Logiciels\CMDER\vendor\git-for-windows\usr\share\vim\vim74;C:\Users\mendy\Desktop\Logiciels\CMDER\
10 verbose lifecycle saveuquate@1.0.0~start: CWD: C:\wamp64\www\API
11 silly lifecycle saveuquate@1.0.0~start: Args: [ '/d /s /c', 'node build/index.js' ]
12 silly lifecycle saveuquate@1.0.0~start: Returned: code: 1  signal: null
13 info lifecycle saveuquate@1.0.0~start: Failed to exec start script
14 verbose stack Error: saveuquate@1.0.0 start: `node build/index.js`
14 verbose stack Exit status 1
14 verbose stack     at EventEmitter.<anonymous> (C:\Program Files\nodejs\node_modules\npm\lib\utils\lifecycle.js:255:16)
14 verbose stack     at emitTwo (events.js:106:13)
14 verbose stack     at EventEmitter.emit (events.js:191:7)
14 verbose stack     at ChildProcess.<anonymous> (C:\Program Files\nodejs\node_modules\npm\lib\utils\spawn.js:40:14)
14 verbose stack     at emitTwo (events.js:106:13)
14 verbose stack     at ChildProcess.emit (events.js:191:7)
14 verbose stack     at maybeClose (internal/child_process.js:886:16)
14 verbose stack     at Process.ChildProcess._handle.onexit (internal/child_process.js:226:5)
15 verbose pkgid saveuquate@1.0.0
16 verbose cwd C:\wamp64\www\API
17 error Windows_NT 10.0.14393
18 error argv "C:\\Program Files\\nodejs\\node.exe" "C:\\Program Files\\nodejs\\node_modules\\npm\\bin\\npm-cli.js" "start"
19 error node v6.10.2
20 error npm  v3.10.10
21 error code ELIFECYCLE
22 error saveuquate@1.0.0 start: `node build/index.js`
22 error Exit status 1
23 error Failed at the saveuquate@1.0.0 start script 'node build/index.js'.
23 error Make sure you have the latest version of node.js and npm installed.
23 error If you do, this is most likely a problem with the saveuquate package,
23 error not with npm itself.
23 error Tell the author that this fails on your system:
23 error     node build/index.js
23 error You can get information on how to open an issue for this project with:
23 error     npm bugs saveuquate
23 error Or if that isn't available, you can get their info via:
23 error     npm owner ls saveuquate
23 error There is likely additional logging output above.
24 verbose exit [ 1, true ]
